current directory: /home/runner/work/R-textmining/R-textmining/.vendor/bundle/ruby/2.7.0/gems/racc-1.6.2/ext/racc/cparse
/opt/hostedtoolcache/Ruby/2.7.7/x64/bin/ruby -I /opt/hostedtoolcache/Ruby/2.7.7/x64/lib/ruby/2.7.0 -r ./siteconf20230103-12589-10q34zj.rb extconf.rb
checking for rb_block_call()... yes
checking for rb_ary_subseq()... yes
creating Makefile

current directory: /home/runner/work/R-textmining/R-textmining/.vendor/bundle/ruby/2.7.0/gems/racc-1.6.2/ext/racc/cparse
make "DESTDIR=" clean
make[1]: Entering directory '/home/runner/work/R-textmining/R-textmining/.vendor/bundle/ruby/2.7.0/gems/racc-1.6.2/ext/racc/cparse'
Makefile:176: warning: overriding recipe for target 'clean'
–≤Jp¬U:176: warning: ignoring old recipe for target 'clean'
Makefile:183: warning: overriding recipe for target 'distclean'
–≤Jp¬U:183: warning: ignoring old recipe for target 'distclean'
Makefile:191: warning: overriding recipe for target 'install-so'
–≤Jp¬U:191: warning: ignoring old recipe for target 'install-so'
Makefile:201: warning: overriding recipe for target 'pre-install-rb-default'
–≤Jp¬U:201: warning: ignoring old recipe for target 'pre-install-rb-default'
Makefile:203: warning: overriding recipe for target '.sitearchdir.-.racc.time'
–≤Jp¬U:203: warning: ignoring old recipe for target '.sitearchdir.-.racc.time'
Makefile:213: warning: overriding recipe for target '.cc.o'
–≤Jp¬U:213: warning: ignoring old recipe for target '.cc.o'
Makefile:217: warning: overriding recipe for target '.cc.S'
–≤Jp¬U:217: warning: ignoring old recipe for target '.cc.S'
Makefile:221: warning: overriding recipe for target '.mm.o'
–≤Jp¬U:221: warning: ignoring old recipe for target '.mm.o'
Makefile:225: warning: overriding recipe for target '.mm.S'
–≤Jp¬U:225: warning: ignoring old recipe for target '.mm.S'
Makefile:229: warning: overriding recipe for target '.cxx.o'
–≤Jp¬U:229: warning: ignoring old recipe for target '.cxx.o'
Makefile:233: warning: overriding recipe for target '.cxx.S'
–≤Jp¬U:233: warning: ignoring old recipe for target '.cxx.S'
Makefile:237: warning: overriding recipe for target '.cpp.o'
–≤Jp¬U:237: warning: ignoring old recipe for target '.cpp.o'
Makefile:241: warning: overriding recipe for target '.cpp.S'
–≤Jp¬U:241: warning: ignoring old recipe for target '.cpp.S'
Makefile:245: warning: overriding recipe for target '.c.o'
–≤Jp¬U:245: warning: ignoring old recipe for target '.c.o'
Makefile:249: warning: overriding recipe for target '.c.S'
–≤Jp¬U:249: warning: ignoring old recipe for target '.c.S'
Makefile:253: warning: overriding recipe for target '.m.o'
–≤Jp¬U:253: warning: ignoring old recipe for target '.m.o'
Makefile:257: warning: overriding recipe for target '.m.S'
–≤Jp¬U:257: warning: ignoring old recipe for target '.m.S'
Makefile:261: warning: overriding recipe for target 'cparse.so'
–≤Jp¬U:261: warning: ignoring old recipe for target 'cparse.so'
make[1]: Leaving directory '/home/runner/work/R-textmining/R-textmining/.vendor/bundle/ruby/2.7.0/gems/racc-1.6.2/ext/racc/cparse'

current directory: /home/runner/work/R-textmining/R-textmining/.vendor/bundle/ruby/2.7.0/gems/racc-1.6.2/ext/racc/cparse
make "DESTDIR="
make[1]: Entering directory '/home/runner/work/R-textmining/R-textmining/.vendor/bundle/ruby/2.7.0/gems/racc-1.6.2/ext/racc/cparse'
Makefile:176: warning: overriding recipe for target 'clean'
–BUºÅU:176: warning: ignoring old recipe for target 'clean'
Makefile:183: warning: overriding recipe for target 'distclean'
–BUºÅU:183: warning: ignoring old recipe for target 'distclean'
Makefile:191: warning: overriding recipe for target 'install-so'
–BUºÅU:191: warning: ignoring old recipe for target 'install-so'
Makefile:201: warning: overriding recipe for target 'pre-install-rb-default'
–BUºÅU:201: warning: ignoring old recipe for target 'pre-install-rb-default'
Makefile:203: warning: overriding recipe for target '.sitearchdir.-.racc.time'
–BUºÅU:203: warning: ignoring old recipe for target '.sitearchdir.-.racc.time'
Makefile:213: warning: overriding recipe for target '.cc.o'
–BUºÅU:213: warning: ignoring old recipe for target '.cc.o'
Makefile:217: warning: overriding recipe for target '.cc.S'
–BUºÅU:217: warning: ignoring old recipe for target '.cc.S'
Makefile:221: warning: overriding recipe for target '.mm.o'
–BUºÅU:221: warning: ignoring old recipe for target '.mm.o'
Makefile:225: warning: overriding recipe for target '.mm.S'
–BUºÅU:225: warning: ignoring old recipe for target '.mm.S'
Makefile:229: warning: overriding recipe for target '.cxx.o'
–BUºÅU:229: warning: ignoring old recipe for target '.cxx.o'
Makefile:233: warning: overriding recipe for target '.cxx.S'
–BUºÅU:233: warning: ignoring old recipe for target '.cxx.S'
Makefile:237: warning: overriding recipe for target '.cpp.o'
–BUºÅU:237: warning: ignoring old recipe for target '.cpp.o'
Makefile:241: warning: overriding recipe for target '.cpp.S'
–BUºÅU:241: warning: ignoring old recipe for target '.cpp.S'
Makefile:245: warning: overriding recipe for target '.c.o'
–BUºÅU:245: warning: ignoring old recipe for target '.c.o'
Makefile:249: warning: overriding recipe for target '.c.S'
–BUºÅU:249: warning: ignoring old recipe for target '.c.S'
Makefile:253: warning: overriding recipe for target '.m.o'
–BUºÅU:253: warning: ignoring old recipe for target '.m.o'
Makefile:257: warning: overriding recipe for target '.m.S'
–BUºÅU:257: warning: ignoring old recipe for target '.m.S'
Makefile:261: warning: overriding recipe for target 'cparse.so'
–BUºÅU:261: warning: ignoring old recipe for target 'cparse.so'
compiling cparse.c
linking shared-object racc/cparse.so
make[1]: Leaving directory '/home/runner/work/R-textmining/R-textmining/.vendor/bundle/ruby/2.7.0/gems/racc-1.6.2/ext/racc/cparse'

current directory: /home/runner/work/R-textmining/R-textmining/.vendor/bundle/ruby/2.7.0/gems/racc-1.6.2/ext/racc/cparse
make "DESTDIR=" install
make[1]: Entering directory '/home/runner/work/R-textmining/R-textmining/.vendor/bundle/ruby/2.7.0/gems/racc-1.6.2/ext/racc/cparse'
Makefile:176: warning: overriding recipe for target 'clean'
–ÚÆÑÎU:176: warning: ignoring old recipe for target 'clean'
Makefile:183: warning: overriding recipe for target 'distclean'
–ÚÆÑÎU:183: warning: ignoring old recipe for target 'distclean'
Makefile:191: warning: overriding recipe for target 'install-so'
–ÚÆÑÎU:191: warning: ignoring old recipe for target 'install-so'
Makefile:201: warning: overriding recipe for target 'pre-install-rb-default'
–ÚÆÑÎU:201: warning: ignoring old recipe for target 'pre-install-rb-default'
Makefile:203: warning: overriding recipe for target '.sitearchdir.-.racc.time'
–ÚÆÑÎU:203: warning: ignoring old recipe for target '.sitearchdir.-.racc.time'
Makefile:213: warning: overriding recipe for target '.cc.o'
–ÚÆÑÎU:213: warning: ignoring old recipe for target '.cc.o'
Makefile:217: warning: overriding recipe for target '.cc.S'
–ÚÆÑÎU:217: warning: ignoring old recipe for target '.cc.S'
Makefile:221: warning: overriding recipe for target '.mm.o'
–ÚÆÑÎU:221: warning: ignoring old recipe for target '.mm.o'
Makefile:225: warning: overriding recipe for target '.mm.S'
–ÚÆÑÎU:225: warning: ignoring old recipe for target '.mm.S'
Makefile:229: warning: overriding recipe for target '.cxx.o'
–ÚÆÑÎU:229: warning: ignoring old recipe for target '.cxx.o'
Makefile:233: warning: overriding recipe for target '.cxx.S'
–ÚÆÑÎU:233: warning: ignoring old recipe for target '.cxx.S'
Makefile:237: warning: overriding recipe for target '.cpp.o'
–ÚÆÑÎU:237: warning: ignoring old recipe for target '.cpp.o'
Makefile:241: warning: overriding recipe for target '.cpp.S'
–ÚÆÑÎU:241: warning: ignoring old recipe for target '.cpp.S'
Makefile:245: warning: overriding recipe for target '.c.o'
–ÚÆÑÎU:245: warning: ignoring old recipe for target '.c.o'
Makefile:249: warning: overriding recipe for target '.c.S'
–ÚÆÑÎU:249: warning: ignoring old recipe for target '.c.S'
Makefile:253: warning: overriding recipe for target '.m.o'
–ÚÆÑÎU:253: warning: ignoring old recipe for target '.m.o'
Makefile:257: warning: overriding recipe for target '.m.S'
–ÚÆÑÎU:257: warning: ignoring old recipe for target '.m.S'
Makefile:261: warning: overriding recipe for target 'cparse.so'
–ÚÆÑÎU:261: warning: ignoring old recipe for target 'cparse.so'
/usr/bin/install -c -m 0755 cparse.so ./.gem.20230103-12589-17ha3v1/racc
make[1]: Leaving directory '/home/runner/work/R-textmining/R-textmining/.vendor/bundle/ruby/2.7.0/gems/racc-1.6.2/ext/racc/cparse'
